<?xml version="1.0" encoding="UTF-8"?>
<!-- Generated by org.testng.reporters.JUnitXMLReporter -->
<testsuite ignored="2" hostname="DESKTOP-7SH10QI" failures="0" tests="6" name="Test" time="112.81" errors="0" timestamp="2024-07-20T11:32:31 IST">
  <testcase classname="org.ictak.testcases.HomePageTC" name="TC_1" time="8.9"/>
  <testcase classname="org.ictak.testcases.MentorLoginTC" name="TC_2" time="5.514"/>
  <testcase classname="org.ictak.testcases.MentorLoginTC" name="TC_3" time="41.532"/>
  <testcase classname="org.ictak.testcases.AdminLoginTC" name="TC_4" time="5.629"/>
  <testcase classname="org.ictak.testcases.AdminLoginTC" name="TC_5" time="24.415"/>
  <testcase classname="org.ictak.testcases.AdminLoginTC" name="TC_6" time="15.821"/>
  <testcase classname="org.ictak.base.TestBase" name="@BeforeTest setupconfig" time="0.0">
    <ignored/>
  </testcase> <!-- @BeforeTest setupconfig -->
  <testcase classname="org.ictak.base.TestBase" name="@BeforeTest setupconfig" time="0.0">
    <ignored/>
  </testcase> <!-- @BeforeTest setupconfig -->
</testsuite> <!-- Test -->
