<?xml version="1.0" encoding="UTF-8"?>
<!-- Generated by org.testng.reporters.JUnitXMLReporter -->
<testsuite ignored="0" hostname="DESKTOP-7SH10QI" failures="0" tests="3" name="Default test" time="62.696" errors="0" timestamp="2024-07-20T11:09:49 IST">
  <testcase classname="org.ictak.testcases.AdminLoginTC" name="TC_4" time="9.7"/>
  <testcase classname="org.ictak.testcases.AdminLoginTC" name="TC_5" time="26.644"/>
  <testcase classname="org.ictak.testcases.AdminLoginTC" name="TC_6" time="15.967"/>
</testsuite> <!-- Default test -->
