<?xml version="1.0" encoding="UTF-8"?>
<testng-results ignored="2" total="8" passed="6" failed="0" skipped="0">
  <reporter-output>
  </reporter-output>
  <suite started-at="2024-07-20T11:30:38 IST" name="Suite" finished-at="2024-07-20T11:32:31 IST" duration-ms="112810">
    <groups>
    </groups>
    <test started-at="2024-07-20T11:30:38 IST" name="Test" finished-at="2024-07-20T11:32:31 IST" duration-ms="112810">
      <class name="org.ictak.testcases.MentorLoginTC">
        <test-method signature="TC_2()[pri:2, instance:org.ictak.testcases.MentorLoginTC@32eff876]" started-at="2024-07-20T11:30:58 IST" name="TC_2" finished-at="2024-07-20T11:31:04 IST" duration-ms="5514" status="PASS">
          <reporter-output>
          </reporter-output>
        </test-method> <!-- TC_2 -->
        <test-method signature="TC_3()[pri:3, instance:org.ictak.testcases.MentorLoginTC@32eff876]" started-at="2024-07-20T11:31:04 IST" name="TC_3" finished-at="2024-07-20T11:31:45 IST" duration-ms="41532" status="PASS">
          <reporter-output>
          </reporter-output>
        </test-method> <!-- TC_3 -->
      </class> <!-- org.ictak.testcases.MentorLoginTC -->
      <class name="org.ictak.testcases.HomePageTC">
        <test-method is-config="true" signature="setupconfig()[pri:0, instance:org.ictak.testcases.HomePageTC@52e6fdee]" started-at="2024-07-20T11:30:38 IST" name="setupconfig" finished-at="2024-07-20T11:30:49 IST" duration-ms="10773" status="PASS">
          <reporter-output>
          </reporter-output>
        </test-method> <!-- setupconfig -->
        <test-method signature="TC_1()[pri:1, instance:org.ictak.testcases.HomePageTC@52e6fdee]" started-at="2024-07-20T11:30:49 IST" name="TC_1" finished-at="2024-07-20T11:30:58 IST" duration-ms="8900" status="PASS">
          <reporter-output>
          </reporter-output>
        </test-method> <!-- TC_1 -->
      </class> <!-- org.ictak.testcases.HomePageTC -->
      <class name="org.ictak.testcases.AdminLoginTC">
        <test-method signature="TC_4()[pri:4, instance:org.ictak.testcases.AdminLoginTC@8dbdac1]" started-at="2024-07-20T11:31:45 IST" name="TC_4" finished-at="2024-07-20T11:31:51 IST" duration-ms="5629" status="PASS">
          <reporter-output>
          </reporter-output>
        </test-method> <!-- TC_4 -->
        <test-method signature="TC_5()[pri:5, instance:org.ictak.testcases.AdminLoginTC@8dbdac1]" started-at="2024-07-20T11:31:51 IST" name="TC_5" finished-at="2024-07-20T11:32:15 IST" duration-ms="24415" status="PASS">
          <reporter-output>
          </reporter-output>
        </test-method> <!-- TC_5 -->
        <test-method signature="TC_6()[pri:6, instance:org.ictak.testcases.AdminLoginTC@8dbdac1]" started-at="2024-07-20T11:32:15 IST" name="TC_6" finished-at="2024-07-20T11:32:31 IST" duration-ms="15821" status="PASS">
          <reporter-output>
          </reporter-output>
        </test-method> <!-- TC_6 -->
      </class> <!-- org.ictak.testcases.AdminLoginTC -->
    </test> <!-- Test -->
  </suite> <!-- Suite -->
</testng-results>
